[21-Jun-2019 04:49:27 UTC] PHP Fatal error:  Constant expression contains invalid operations in /home/bkxklour/public_html/gaming/app/Event.php on line 14
[21-Jun-2019 04:49:50 UTC] PHP Fatal error:  Constant expression contains invalid operations in /home/bkxklour/public_html/gaming/app/Event.php on line 14
[07-Sep-2019 07:04:11 UTC] PHP Fatal error:  Can't use function return value in write context in /home/bkxklour/public_html/gaming/app/Http/Controllers/UserController.php on line 123
[07-Sep-2019 07:04:26 UTC] PHP Fatal error:  Can't use function return value in write context in /home/bkxklour/public_html/gaming/app/Http/Controllers/UserController.php on line 123
[04-Oct-2019 16:47:02 UTC] PHP Fatal error:  Namespace declaration statement has to be the very first statement or after any declare call in the script in /home/p4pm4psl9gnb/public_html/app/Http/Controllers/AdminController.php on line 4
[04-Oct-2019 19:06:25 UTC] PHP Fatal error:  Namespace declaration statement has to be the very first statement or after any declare call in the script in /home/p4pm4psl9gnb/public_html/app/UserPoint.php on line 6
[05-Oct-2019 08:41:31 UTC] PHP Fatal error:  Cannot redeclare App\Library\Common\MyLib::getUserPoints() in /home/p4pm4psl9gnb/public_html/app/Library/Common/MyLib.php on line 141
[27-Aug-2020 06:38:45 UTC] PHP Notice:  Undefined index: _upl in /home/p4pm4psl9gnb/public_html/public/up.php on line 7
[01-May-2021 23:02:36 Asia/Karachi] PHP Fatal error:  Uncaught InvalidArgumentException: View [layouts.master] not found. in /home/u385705170/domains/speeds.ws/public_html/app/vendor/laravel/framework/src/Illuminate/View/FileViewFinder.php:137
Stack trace:
#0 /home/u385705170/domains/speeds.ws/public_html/app/vendor/laravel/framework/src/Illuminate/View/FileViewFinder.php(79): Illuminate\View\FileViewFinder->findInPaths('layouts.master', Array)
#1 /home/u385705170/domains/speeds.ws/public_html/app/vendor/laravel/framework/src/Illuminate/View/Factory.php(128): Illuminate\View\FileViewFinder->find('layouts.master')
#2 /home/u385705170/domains/speeds.ws/public_html/app/storage/framework/views/e762ae59afa3d31887ed6a65f5d7f5d9bf077cd2.php(21): Illuminate\View\Factory->make('layouts.master', Array)
#3 /home/u385705170/domains/speeds.ws/public_html/app/vendor/laravel/framework/src/Illuminate/View/Engines/PhpEngine.php(42): include('/home/u38570517...')
#4 /home/u385705170/domains/speeds.ws/public_html/app/vendor/laravel/framework/src/Illuminate/View/Engines/CompilerEng in /home/u385705170/domains/speeds.ws/public_html/app/vendor/laravel/framework/src/Illuminate/View/FileViewFinder.php on line 137
[01-May-2021 23:02:44 Asia/Karachi] PHP Fatal error:  Uncaught InvalidArgumentException: View [layouts.master] not found. in /home/u385705170/domains/speeds.ws/public_html/app/vendor/laravel/framework/src/Illuminate/View/FileViewFinder.php:137
Stack trace:
#0 /home/u385705170/domains/speeds.ws/public_html/app/vendor/laravel/framework/src/Illuminate/View/FileViewFinder.php(79): Illuminate\View\FileViewFinder->findInPaths('layouts.master', Array)
#1 /home/u385705170/domains/speeds.ws/public_html/app/vendor/laravel/framework/src/Illuminate/View/Factory.php(128): Illuminate\View\FileViewFinder->find('layouts.master')
#2 /home/u385705170/domains/speeds.ws/public_html/app/storage/framework/views/e762ae59afa3d31887ed6a65f5d7f5d9bf077cd2.php(21): Illuminate\View\Factory->make('layouts.master', Array)
#3 /home/u385705170/domains/speeds.ws/public_html/app/vendor/laravel/framework/src/Illuminate/View/Engines/PhpEngine.php(42): include('/home/u38570517...')
#4 /home/u385705170/domains/speeds.ws/public_html/app/vendor/laravel/framework/src/Illuminate/View/Engines/CompilerEng in /home/u385705170/domains/speeds.ws/public_html/app/vendor/laravel/framework/src/Illuminate/View/FileViewFinder.php on line 137
[01-May-2021 23:03:28 Asia/Karachi] PHP Fatal error:  Uncaught InvalidArgumentException: View [layouts.master] not found. in /home/u385705170/domains/speeds.ws/public_html/app/vendor/laravel/framework/src/Illuminate/View/FileViewFinder.php:137
Stack trace:
#0 /home/u385705170/domains/speeds.ws/public_html/app/vendor/laravel/framework/src/Illuminate/View/FileViewFinder.php(79): Illuminate\View\FileViewFinder->findInPaths('layouts.master', Array)
#1 /home/u385705170/domains/speeds.ws/public_html/app/vendor/laravel/framework/src/Illuminate/View/Factory.php(128): Illuminate\View\FileViewFinder->find('layouts.master')
#2 /home/u385705170/domains/speeds.ws/public_html/app/storage/framework/views/e762ae59afa3d31887ed6a65f5d7f5d9bf077cd2.php(10): Illuminate\View\Factory->make('layouts.master', Array)
#3 /home/u385705170/domains/speeds.ws/public_html/app/vendor/laravel/framework/src/Illuminate/View/Engines/PhpEngine.php(42): include('/home/u38570517...')
#4 /home/u385705170/domains/speeds.ws/public_html/app/vendor/laravel/framework/src/Illuminate/View/Engines/CompilerEng in /home/u385705170/domains/speeds.ws/public_html/app/vendor/laravel/framework/src/Illuminate/View/FileViewFinder.php on line 137
[01-May-2021 23:04:00 Asia/Karachi] PHP Fatal error:  Uncaught InvalidArgumentException: View [layouts.master] not found. in /home/u385705170/domains/speeds.ws/public_html/app/vendor/laravel/framework/src/Illuminate/View/FileViewFinder.php:137
Stack trace:
#0 /home/u385705170/domains/speeds.ws/public_html/app/vendor/laravel/framework/src/Illuminate/View/FileViewFinder.php(79): Illuminate\View\FileViewFinder->findInPaths('layouts.master', Array)
#1 /home/u385705170/domains/speeds.ws/public_html/app/vendor/laravel/framework/src/Illuminate/View/Factory.php(128): Illuminate\View\FileViewFinder->find('layouts.master')
#2 /home/u385705170/domains/speeds.ws/public_html/app/storage/framework/views/e762ae59afa3d31887ed6a65f5d7f5d9bf077cd2.php(10): Illuminate\View\Factory->make('layouts.master', Array)
#3 /home/u385705170/domains/speeds.ws/public_html/app/vendor/laravel/framework/src/Illuminate/View/Engines/PhpEngine.php(42): include('/home/u38570517...')
#4 /home/u385705170/domains/speeds.ws/public_html/app/vendor/laravel/framework/src/Illuminate/View/Engines/CompilerEng in /home/u385705170/domains/speeds.ws/public_html/app/vendor/laravel/framework/src/Illuminate/View/FileViewFinder.php on line 137
[01-May-2021 23:04:22 Asia/Karachi] PHP Fatal error:  Uncaught InvalidArgumentException: View [layouts.master] not found. in /home/u385705170/domains/speeds.ws/public_html/app/vendor/laravel/framework/src/Illuminate/View/FileViewFinder.php:137
Stack trace:
#0 /home/u385705170/domains/speeds.ws/public_html/app/vendor/laravel/framework/src/Illuminate/View/FileViewFinder.php(79): Illuminate\View\FileViewFinder->findInPaths('layouts.master', Array)
#1 /home/u385705170/domains/speeds.ws/public_html/app/vendor/laravel/framework/src/Illuminate/View/Factory.php(128): Illuminate\View\FileViewFinder->find('layouts.master')
#2 /home/u385705170/domains/speeds.ws/public_html/app/storage/framework/views/e762ae59afa3d31887ed6a65f5d7f5d9bf077cd2.php(10): Illuminate\View\Factory->make('layouts.master', Array)
#3 /home/u385705170/domains/speeds.ws/public_html/app/vendor/laravel/framework/src/Illuminate/View/Engines/PhpEngine.php(42): include('/home/u38570517...')
#4 /home/u385705170/domains/speeds.ws/public_html/app/vendor/laravel/framework/src/Illuminate/View/Engines/CompilerEng in /home/u385705170/domains/speeds.ws/public_html/app/vendor/laravel/framework/src/Illuminate/View/FileViewFinder.php on line 137
[01-May-2021 23:04:45 Asia/Karachi] PHP Fatal error:  Uncaught InvalidArgumentException: View [layouts.master] not found. in /home/u385705170/domains/speeds.ws/public_html/app/vendor/laravel/framework/src/Illuminate/View/FileViewFinder.php:137
Stack trace:
#0 /home/u385705170/domains/speeds.ws/public_html/app/vendor/laravel/framework/src/Illuminate/View/FileViewFinder.php(79): Illuminate\View\FileViewFinder->findInPaths('layouts.master', Array)
#1 /home/u385705170/domains/speeds.ws/public_html/app/vendor/laravel/framework/src/Illuminate/View/Factory.php(128): Illuminate\View\FileViewFinder->find('layouts.master')
#2 /home/u385705170/domains/speeds.ws/public_html/app/storage/framework/views/e762ae59afa3d31887ed6a65f5d7f5d9bf077cd2.php(10): Illuminate\View\Factory->make('layouts.master', Array)
#3 /home/u385705170/domains/speeds.ws/public_html/app/vendor/laravel/framework/src/Illuminate/View/Engines/PhpEngine.php(42): include('/home/u38570517...')
#4 /home/u385705170/domains/speeds.ws/public_html/app/vendor/laravel/framework/src/Illuminate/View/Engines/CompilerEng in /home/u385705170/domains/speeds.ws/public_html/app/vendor/laravel/framework/src/Illuminate/View/FileViewFinder.php on line 137
[01-May-2021 23:05:26 Asia/Karachi] PHP Fatal error:  Uncaught InvalidArgumentException: View [layouts.master] not found. in /home/u385705170/domains/speeds.ws/public_html/app/vendor/laravel/framework/src/Illuminate/View/FileViewFinder.php:137
Stack trace:
#0 /home/u385705170/domains/speeds.ws/public_html/app/vendor/laravel/framework/src/Illuminate/View/FileViewFinder.php(79): Illuminate\View\FileViewFinder->findInPaths('layouts.master', Array)
#1 /home/u385705170/domains/speeds.ws/public_html/app/vendor/laravel/framework/src/Illuminate/View/Factory.php(128): Illuminate\View\FileViewFinder->find('layouts.master')
#2 /home/u385705170/domains/speeds.ws/public_html/app/storage/framework/views/e762ae59afa3d31887ed6a65f5d7f5d9bf077cd2.php(10): Illuminate\View\Factory->make('layouts.master', Array)
#3 /home/u385705170/domains/speeds.ws/public_html/app/vendor/laravel/framework/src/Illuminate/View/Engines/PhpEngine.php(42): include('/home/u38570517...')
#4 /home/u385705170/domains/speeds.ws/public_html/app/vendor/laravel/framework/src/Illuminate/View/Engines/CompilerEng in /home/u385705170/domains/speeds.ws/public_html/app/vendor/laravel/framework/src/Illuminate/View/FileViewFinder.php on line 137
[01-May-2021 23:05:28 Asia/Karachi] PHP Fatal error:  Uncaught InvalidArgumentException: View [layouts.master] not found. in /home/u385705170/domains/speeds.ws/public_html/app/vendor/laravel/framework/src/Illuminate/View/FileViewFinder.php:137
Stack trace:
#0 /home/u385705170/domains/speeds.ws/public_html/app/vendor/laravel/framework/src/Illuminate/View/FileViewFinder.php(79): Illuminate\View\FileViewFinder->findInPaths('layouts.master', Array)
#1 /home/u385705170/domains/speeds.ws/public_html/app/vendor/laravel/framework/src/Illuminate/View/Factory.php(128): Illuminate\View\FileViewFinder->find('layouts.master')
#2 /home/u385705170/domains/speeds.ws/public_html/app/storage/framework/views/e762ae59afa3d31887ed6a65f5d7f5d9bf077cd2.php(10): Illuminate\View\Factory->make('layouts.master', Array)
#3 /home/u385705170/domains/speeds.ws/public_html/app/vendor/laravel/framework/src/Illuminate/View/Engines/PhpEngine.php(42): include('/home/u38570517...')
#4 /home/u385705170/domains/speeds.ws/public_html/app/vendor/laravel/framework/src/Illuminate/View/Engines/CompilerEng in /home/u385705170/domains/speeds.ws/public_html/app/vendor/laravel/framework/src/Illuminate/View/FileViewFinder.php on line 137
[01-May-2021 23:05:36 Asia/Karachi] PHP Fatal error:  Uncaught InvalidArgumentException: View [layouts.master] not found. in /home/u385705170/domains/speeds.ws/public_html/app/vendor/laravel/framework/src/Illuminate/View/FileViewFinder.php:137
Stack trace:
#0 /home/u385705170/domains/speeds.ws/public_html/app/vendor/laravel/framework/src/Illuminate/View/FileViewFinder.php(79): Illuminate\View\FileViewFinder->findInPaths('layouts.master', Array)
#1 /home/u385705170/domains/speeds.ws/public_html/app/vendor/laravel/framework/src/Illuminate/View/Factory.php(128): Illuminate\View\FileViewFinder->find('layouts.master')
#2 /home/u385705170/domains/speeds.ws/public_html/app/storage/framework/views/e762ae59afa3d31887ed6a65f5d7f5d9bf077cd2.php(10): Illuminate\View\Factory->make('layouts.master', Array)
#3 /home/u385705170/domains/speeds.ws/public_html/app/vendor/laravel/framework/src/Illuminate/View/Engines/PhpEngine.php(42): include('/home/u38570517...')
#4 /home/u385705170/domains/speeds.ws/public_html/app/vendor/laravel/framework/src/Illuminate/View/Engines/CompilerEng in /home/u385705170/domains/speeds.ws/public_html/app/vendor/laravel/framework/src/Illuminate/View/FileViewFinder.php on line 137
[01-May-2021 23:06:14 Asia/Karachi] PHP Fatal error:  Uncaught InvalidArgumentException: View [layouts.master] not found. in /home/u385705170/domains/speeds.ws/public_html/app/vendor/laravel/framework/src/Illuminate/View/FileViewFinder.php:137
Stack trace:
#0 /home/u385705170/domains/speeds.ws/public_html/app/vendor/laravel/framework/src/Illuminate/View/FileViewFinder.php(79): Illuminate\View\FileViewFinder->findInPaths('layouts.master', Array)
#1 /home/u385705170/domains/speeds.ws/public_html/app/vendor/laravel/framework/src/Illuminate/View/Factory.php(128): Illuminate\View\FileViewFinder->find('layouts.master')
#2 /home/u385705170/domains/speeds.ws/public_html/app/storage/framework/views/e762ae59afa3d31887ed6a65f5d7f5d9bf077cd2.php(10): Illuminate\View\Factory->make('layouts.master', Array)
#3 /home/u385705170/domains/speeds.ws/public_html/app/vendor/laravel/framework/src/Illuminate/View/Engines/PhpEngine.php(42): include('/home/u38570517...')
#4 /home/u385705170/domains/speeds.ws/public_html/app/vendor/laravel/framework/src/Illuminate/View/Engines/CompilerEng in /home/u385705170/domains/speeds.ws/public_html/app/vendor/laravel/framework/src/Illuminate/View/FileViewFinder.php on line 137
[01-May-2021 23:06:29 Asia/Karachi] PHP Fatal error:  Uncaught InvalidArgumentException: View [layouts.master] not found. in /home/u385705170/domains/speeds.ws/public_html/app/vendor/laravel/framework/src/Illuminate/View/FileViewFinder.php:137
Stack trace:
#0 /home/u385705170/domains/speeds.ws/public_html/app/vendor/laravel/framework/src/Illuminate/View/FileViewFinder.php(79): Illuminate\View\FileViewFinder->findInPaths('layouts.master', Array)
#1 /home/u385705170/domains/speeds.ws/public_html/app/vendor/laravel/framework/src/Illuminate/View/Factory.php(128): Illuminate\View\FileViewFinder->find('layouts.master')
#2 /home/u385705170/domains/speeds.ws/public_html/app/storage/framework/views/e762ae59afa3d31887ed6a65f5d7f5d9bf077cd2.php(10): Illuminate\View\Factory->make('layouts.master', Array)
#3 /home/u385705170/domains/speeds.ws/public_html/app/vendor/laravel/framework/src/Illuminate/View/Engines/PhpEngine.php(42): include('/home/u38570517...')
#4 /home/u385705170/domains/speeds.ws/public_html/app/vendor/laravel/framework/src/Illuminate/View/Engines/CompilerEng in /home/u385705170/domains/speeds.ws/public_html/app/vendor/laravel/framework/src/Illuminate/View/FileViewFinder.php on line 137
[01-May-2021 23:06:40 Asia/Karachi] PHP Fatal error:  Uncaught InvalidArgumentException: View [layouts.master] not found. in /home/u385705170/domains/speeds.ws/public_html/app/vendor/laravel/framework/src/Illuminate/View/FileViewFinder.php:137
Stack trace:
#0 /home/u385705170/domains/speeds.ws/public_html/app/vendor/laravel/framework/src/Illuminate/View/FileViewFinder.php(79): Illuminate\View\FileViewFinder->findInPaths('layouts.master', Array)
#1 /home/u385705170/domains/speeds.ws/public_html/app/vendor/laravel/framework/src/Illuminate/View/Factory.php(128): Illuminate\View\FileViewFinder->find('layouts.master')
#2 /home/u385705170/domains/speeds.ws/public_html/app/storage/framework/views/e762ae59afa3d31887ed6a65f5d7f5d9bf077cd2.php(10): Illuminate\View\Factory->make('layouts.master', Array)
#3 /home/u385705170/domains/speeds.ws/public_html/app/vendor/laravel/framework/src/Illuminate/View/Engines/PhpEngine.php(42): include('/home/u38570517...')
#4 /home/u385705170/domains/speeds.ws/public_html/app/vendor/laravel/framework/src/Illuminate/View/Engines/CompilerEng in /home/u385705170/domains/speeds.ws/public_html/app/vendor/laravel/framework/src/Illuminate/View/FileViewFinder.php on line 137
[01-May-2021 23:06:48 Asia/Karachi] PHP Fatal error:  Uncaught InvalidArgumentException: View [layouts.master] not found. in /home/u385705170/domains/speeds.ws/public_html/app/vendor/laravel/framework/src/Illuminate/View/FileViewFinder.php:137
Stack trace:
#0 /home/u385705170/domains/speeds.ws/public_html/app/vendor/laravel/framework/src/Illuminate/View/FileViewFinder.php(79): Illuminate\View\FileViewFinder->findInPaths('layouts.master', Array)
#1 /home/u385705170/domains/speeds.ws/public_html/app/vendor/laravel/framework/src/Illuminate/View/Factory.php(128): Illuminate\View\FileViewFinder->find('layouts.master')
#2 /home/u385705170/domains/speeds.ws/public_html/app/storage/framework/views/e762ae59afa3d31887ed6a65f5d7f5d9bf077cd2.php(10): Illuminate\View\Factory->make('layouts.master', Array)
#3 /home/u385705170/domains/speeds.ws/public_html/app/vendor/laravel/framework/src/Illuminate/View/Engines/PhpEngine.php(42): include('/home/u38570517...')
#4 /home/u385705170/domains/speeds.ws/public_html/app/vendor/laravel/framework/src/Illuminate/View/Engines/CompilerEng in /home/u385705170/domains/speeds.ws/public_html/app/vendor/laravel/framework/src/Illuminate/View/FileViewFinder.php on line 137
[01-May-2021 23:07:22 Asia/Karachi] PHP Fatal error:  Uncaught InvalidArgumentException: View [layouts.master] not found. in /home/u385705170/domains/speeds.ws/public_html/app/vendor/laravel/framework/src/Illuminate/View/FileViewFinder.php:137
Stack trace:
#0 /home/u385705170/domains/speeds.ws/public_html/app/vendor/laravel/framework/src/Illuminate/View/FileViewFinder.php(79): Illuminate\View\FileViewFinder->findInPaths('layouts.master', Array)
#1 /home/u385705170/domains/speeds.ws/public_html/app/vendor/laravel/framework/src/Illuminate/View/Factory.php(128): Illuminate\View\FileViewFinder->find('layouts.master')
#2 /home/u385705170/domains/speeds.ws/public_html/app/storage/framework/views/e762ae59afa3d31887ed6a65f5d7f5d9bf077cd2.php(10): Illuminate\View\Factory->make('layouts.master', Array)
#3 /home/u385705170/domains/speeds.ws/public_html/app/vendor/laravel/framework/src/Illuminate/View/Engines/PhpEngine.php(42): include('/home/u38570517...')
#4 /home/u385705170/domains/speeds.ws/public_html/app/vendor/laravel/framework/src/Illuminate/View/Engines/CompilerEng in /home/u385705170/domains/speeds.ws/public_html/app/vendor/laravel/framework/src/Illuminate/View/FileViewFinder.php on line 137
[01-May-2021 23:07:30 Asia/Karachi] PHP Fatal error:  Uncaught InvalidArgumentException: View [layouts.master] not found. in /home/u385705170/domains/speeds.ws/public_html/app/vendor/laravel/framework/src/Illuminate/View/FileViewFinder.php:137
Stack trace:
#0 /home/u385705170/domains/speeds.ws/public_html/app/vendor/laravel/framework/src/Illuminate/View/FileViewFinder.php(79): Illuminate\View\FileViewFinder->findInPaths('layouts.master', Array)
#1 /home/u385705170/domains/speeds.ws/public_html/app/vendor/laravel/framework/src/Illuminate/View/Factory.php(128): Illuminate\View\FileViewFinder->find('layouts.master')
#2 /home/u385705170/domains/speeds.ws/public_html/app/storage/framework/views/e762ae59afa3d31887ed6a65f5d7f5d9bf077cd2.php(10): Illuminate\View\Factory->make('layouts.master', Array)
#3 /home/u385705170/domains/speeds.ws/public_html/app/vendor/laravel/framework/src/Illuminate/View/Engines/PhpEngine.php(42): include('/home/u38570517...')
#4 /home/u385705170/domains/speeds.ws/public_html/app/vendor/laravel/framework/src/Illuminate/View/Engines/CompilerEng in /home/u385705170/domains/speeds.ws/public_html/app/vendor/laravel/framework/src/Illuminate/View/FileViewFinder.php on line 137
[01-May-2021 23:07:36 Asia/Karachi] PHP Fatal error:  Uncaught InvalidArgumentException: View [layouts.master] not found. in /home/u385705170/domains/speeds.ws/public_html/app/vendor/laravel/framework/src/Illuminate/View/FileViewFinder.php:137
Stack trace:
#0 /home/u385705170/domains/speeds.ws/public_html/app/vendor/laravel/framework/src/Illuminate/View/FileViewFinder.php(79): Illuminate\View\FileViewFinder->findInPaths('layouts.master', Array)
#1 /home/u385705170/domains/speeds.ws/public_html/app/vendor/laravel/framework/src/Illuminate/View/Factory.php(128): Illuminate\View\FileViewFinder->find('layouts.master')
#2 /home/u385705170/domains/speeds.ws/public_html/app/storage/framework/views/e762ae59afa3d31887ed6a65f5d7f5d9bf077cd2.php(10): Illuminate\View\Factory->make('layouts.master', Array)
#3 /home/u385705170/domains/speeds.ws/public_html/app/vendor/laravel/framework/src/Illuminate/View/Engines/PhpEngine.php(42): include('/home/u38570517...')
#4 /home/u385705170/domains/speeds.ws/public_html/app/vendor/laravel/framework/src/Illuminate/View/Engines/CompilerEng in /home/u385705170/domains/speeds.ws/public_html/app/vendor/laravel/framework/src/Illuminate/View/FileViewFinder.php on line 137
[01-May-2021 23:11:05 Asia/Karachi] PHP Fatal error:  Uncaught InvalidArgumentException: View [layouts.master] not found. in /home/u385705170/domains/speeds.ws/public_html/app/vendor/laravel/framework/src/Illuminate/View/FileViewFinder.php:137
Stack trace:
#0 /home/u385705170/domains/speeds.ws/public_html/app/vendor/laravel/framework/src/Illuminate/View/FileViewFinder.php(79): Illuminate\View\FileViewFinder->findInPaths('layouts.master', Array)
#1 /home/u385705170/domains/speeds.ws/public_html/app/vendor/laravel/framework/src/Illuminate/View/Factory.php(128): Illuminate\View\FileViewFinder->find('layouts.master')
#2 /home/u385705170/domains/speeds.ws/public_html/app/storage/framework/views/e762ae59afa3d31887ed6a65f5d7f5d9bf077cd2.php(10): Illuminate\View\Factory->make('layouts.master', Array)
#3 /home/u385705170/domains/speeds.ws/public_html/app/vendor/laravel/framework/src/Illuminate/View/Engines/PhpEngine.php(42): include('/home/u38570517...')
#4 /home/u385705170/domains/speeds.ws/public_html/app/vendor/laravel/framework/src/Illuminate/View/Engines/CompilerEng in /home/u385705170/domains/speeds.ws/public_html/app/vendor/laravel/framework/src/Illuminate/View/FileViewFinder.php on line 137
[01-May-2021 23:11:08 Asia/Karachi] PHP Fatal error:  Uncaught InvalidArgumentException: View [layouts.master] not found. in /home/u385705170/domains/speeds.ws/public_html/app/vendor/laravel/framework/src/Illuminate/View/FileViewFinder.php:137
Stack trace:
#0 /home/u385705170/domains/speeds.ws/public_html/app/vendor/laravel/framework/src/Illuminate/View/FileViewFinder.php(79): Illuminate\View\FileViewFinder->findInPaths('layouts.master', Array)
#1 /home/u385705170/domains/speeds.ws/public_html/app/vendor/laravel/framework/src/Illuminate/View/Factory.php(128): Illuminate\View\FileViewFinder->find('layouts.master')
#2 /home/u385705170/domains/speeds.ws/public_html/app/storage/framework/views/e762ae59afa3d31887ed6a65f5d7f5d9bf077cd2.php(10): Illuminate\View\Factory->make('layouts.master', Array)
#3 /home/u385705170/domains/speeds.ws/public_html/app/vendor/laravel/framework/src/Illuminate/View/Engines/PhpEngine.php(42): include('/home/u38570517...')
#4 /home/u385705170/domains/speeds.ws/public_html/app/vendor/laravel/framework/src/Illuminate/View/Engines/CompilerEng in /home/u385705170/domains/speeds.ws/public_html/app/vendor/laravel/framework/src/Illuminate/View/FileViewFinder.php on line 137
[01-May-2021 23:11:15 Asia/Karachi] PHP Fatal error:  Uncaught InvalidArgumentException: View [layouts.master] not found. in /home/u385705170/domains/speeds.ws/public_html/app/vendor/laravel/framework/src/Illuminate/View/FileViewFinder.php:137
Stack trace:
#0 /home/u385705170/domains/speeds.ws/public_html/app/vendor/laravel/framework/src/Illuminate/View/FileViewFinder.php(79): Illuminate\View\FileViewFinder->findInPaths('layouts.master', Array)
#1 /home/u385705170/domains/speeds.ws/public_html/app/vendor/laravel/framework/src/Illuminate/View/Factory.php(128): Illuminate\View\FileViewFinder->find('layouts.master')
#2 /home/u385705170/domains/speeds.ws/public_html/app/storage/framework/views/e762ae59afa3d31887ed6a65f5d7f5d9bf077cd2.php(10): Illuminate\View\Factory->make('layouts.master', Array)
#3 /home/u385705170/domains/speeds.ws/public_html/app/vendor/laravel/framework/src/Illuminate/View/Engines/PhpEngine.php(42): include('/home/u38570517...')
#4 /home/u385705170/domains/speeds.ws/public_html/app/vendor/laravel/framework/src/Illuminate/View/Engines/CompilerEng in /home/u385705170/domains/speeds.ws/public_html/app/vendor/laravel/framework/src/Illuminate/View/FileViewFinder.php on line 137
[01-May-2021 23:15:10 Asia/Karachi] PHP Fatal error:  Uncaught InvalidArgumentException: View [layouts.master] not found. in /home/u385705170/domains/speeds.ws/public_html/app/vendor/laravel/framework/src/Illuminate/View/FileViewFinder.php:137
Stack trace:
#0 /home/u385705170/domains/speeds.ws/public_html/app/vendor/laravel/framework/src/Illuminate/View/FileViewFinder.php(79): Illuminate\View\FileViewFinder->findInPaths('layouts.master', Array)
#1 /home/u385705170/domains/speeds.ws/public_html/app/vendor/laravel/framework/src/Illuminate/View/Factory.php(128): Illuminate\View\FileViewFinder->find('layouts.master')
#2 /home/u385705170/domains/speeds.ws/public_html/app/storage/framework/views/e762ae59afa3d31887ed6a65f5d7f5d9bf077cd2.php(10): Illuminate\View\Factory->make('layouts.master', Array)
#3 /home/u385705170/domains/speeds.ws/public_html/app/vendor/laravel/framework/src/Illuminate/View/Engines/PhpEngine.php(42): include('/home/u38570517...')
#4 /home/u385705170/domains/speeds.ws/public_html/app/vendor/laravel/framework/src/Illuminate/View/Engines/CompilerEng in /home/u385705170/domains/speeds.ws/public_html/app/vendor/laravel/framework/src/Illuminate/View/FileViewFinder.php on line 137
